Arguments: 
  /home/victor/.nvm/versions/node/v12.2.0/bin/node /mnt/d/Program Files (x86)/Yarn/bin/yarn.js add @babel/plugin-proposal-class-properties --dev

PATH: 
  /home/victor/.rbenv/plugins/ruby-build/bin:/home/victor/.rbenv/shims:/home/victor/.rbenv/bin:/home/victor/.rbenv/plugins/ruby-build/bin:/home/victor/.rbenv/shims:/home/victor/.rbenv/bin:/home/victor/.rbenv/plugins/ruby-build/bin:/home/victor/.rbenv/shims:/home/victor/.rbenv/bin:/home/victor/.nvm/versions/node/v12.2.0/bin:/usr/local/sbin:/usr/local/bin:/usr/sbin:/usr/bin:/sbin:/bin:/usr/games:/usr/local/games:/mnt/c/Program Files/WindowsApps/CanonicalGroupLimited.Ubuntu18.04onWindows_1804.2019.522.0_x64__79rhkp1fndgsc:/mnt/c/Program Files/ImageMagick-7.0.8-Q16:/mnt/c/ProgramData/Oracle/Java/javapath:/mnt/c/Program Files/Common Files/microsoft shared/Windows Live:/mnt/c/Program Files (x86)/Common Files/microsoft shared/Windows Live:/mnt/c/Windows/System32:/mnt/c/Windows:/mnt/c/Windows/System32/wbem:/mnt/c/Windows/System32/WindowsPowerShell/v1.0:/mnt/c/Program Files (x86)/Windows Live/Shared:/mnt/c/Program Files (x86)/Microsoft SQL Server/100/Tools/Binn:/mnt/c/Program Files/Microsoft SQL Server/100/Tools/Binn:/mnt/c/Program Files/Microsoft SQL Server/100/DTS/Binn:/mnt/c/Program Files (x86)/QuickTime/QTSystem:/mnt/c/Program Files (x86)/Common Files/Acronis/SnapAPI:/mnt/c/Program Files (x86)/Acronis/CommandLineTool:/mnt/c/Program Files/Microsoft SQL Server/90/Tools/binn:/mnt/c/Program Files (x86)/Microsoft SQL Server/90/Tools/Binn:/mnt/c/Program Files (x86)/Microsoft SQL Server/90/DTS/Binn:/mnt/c/Program Files (x86)/Microsoft SQL Server/90/Tools/Binn/VSShell/Common7/IDE:/mnt/c/Program Files (x86)/Microsoft Visual Studio 8/Common7/IDE/PrivateAssemblies:/mnt/c/Program Files (x86)/Windows Kits/10/Windows Performance Toolkit:/mnt/c/Program Files/Git/cmd:/mnt/c/Windows/System32/OpenSSH:/mnt/c/Program Files/PuTTY:/mnt/c/Program Files/Aladdin/eToken/PKIClient/x32:/mnt/c/Program Files/Aladdin/eToken/PKIClient/x64:/mnt/d/Program Files/nodejs:/mnt/d/Program Files (x86)/Yarn/bin:/mnt/d/Program Files (x86)/Brackets/command:/mnt/d/Ruby25-x64/bin:/mnt/d/Ruby24-x64/bin:/mnt/c/Program Files/Sublime Text 3:/mnt/c/Windows/System32:/mnt/c/Users/пользователь/AppData/Local/Microsoft/WindowsApps:/mnt/c/Users/пользователь/AppData/Roaming/npm:/mnt/c/Users/пользователь/AppData/Local/Yarn/bin:/snap/bin

Yarn version: 
  1.15.2

Node version: 
  12.2.0

Platform: 
  linux x64

Trace: 
  Error: ENOENT: no such file or directory, copyfile '/home/victor/.cache/yarn/v4/npm-core-js-1.2.7-652294c14651db28fa93bd2d5ff2983a4f08c636/node_modules/core-js/library/fn/array/entries.js' -> '/mnt/d/railslinux/mywebpack/node_modules/core-js/library/fn/array/entries.js'

npm manifest: 
  {
    "scripts": {
      "start": "webpack-dev-server --mode development --module-bind js=babel-loader --open --hot --history-api-fallback",
      "test": "webpack --mode development",
      "build": "webpack --mode production --module-bind js=babel-loader"
    },
    "name": "mywebpack",
    "version": "1.0.0",
    "main": "index.js",
    "license": "MIT",
    "devDependencies": {
      "@babel/core": "^7.4.5",
      "@babel/preset-env": "^7.4.5",
      "@babel/preset-react": "^7.0.0",
      "babel-loader": "^8.0.6",
      "css-loader": "^2.1.1",
      "html-loader": "^0.5.5",
      "html-webpack-plugin": "^3.2.0",
      "mini-css-extract-plugin": "^0.6.0",
      "react": "^16.8.6",
      "react-dom": "^16.8.6",
      "react-redux": "^7.0.3",
      "redux": "^4.0.1",
      "webpack": "^4.32.2",
      "webpack-cli": "^3.3.2"
    },
    "dependencies": {
      "babel-preset-es2015": "^6.24.1",
      "bootstrap": "^4.3.1",
      "react-router": "^5.0.0",
      "react-router-dom": "^5.0.0",
      "uuid": "^3.3.2"
    }
  }

yarn manifest: 
  No manifest

Lockfile: 
  No lockfile
